[04/12/2026-13:55:23] [TRT] [W] Using an engine plan file across different models of devices is not recommended and is likely to affect performance or even cause errors.
Loading TensorRT engine...
Preprocessing 500 images...

============================================================
Load level: 0% (0 stress-ng workers)
============================================================
  Trial  1: STER=0.0000  δ_mean=0.0183  δ_P99=0.0233  Acc=0.0180  violations=0
  Trial  2: STER=0.0000  δ_mean=0.0184  δ_P99=0.0250  Acc=0.0120  violations=0
  Trial  3: STER=0.0000  δ_mean=0.0183  δ_P99=0.0238  Acc=0.0120  violations=0
  Trial  4: STER=0.0000  δ_mean=0.0180  δ_P99=0.0227  Acc=0.0160  violations=0
  Trial  5: STER=0.0000  δ_mean=0.0182  δ_P99=0.0250  Acc=0.0160  violations=0
  Trial  6: STER=0.0000  δ_mean=0.0181  δ_P99=0.0238  Acc=0.0160  violations=0
  Trial  7: STER=0.0000  δ_mean=0.0180  δ_P99=0.0233  Acc=0.0200  violations=0
  Trial  8: STER=0.0000  δ_mean=0.0179  δ_P99=0.0233  Acc=0.0120  violations=0
  Trial  9: STER=0.0000  δ_mean=0.0181  δ_P99=0.0233  Acc=0.0100  violations=0
  Trial 10: STER=0.0000  δ_mean=0.0181  δ_P99=0.0238  Acc=0.0200  violations=0

============================================================
Load level: 25% (2 stress-ng workers)
============================================================
  Trial  1: STER=0.0000  δ_mean=0.0179  δ_P99=0.0222  Acc=0.0180  violations=0
  Trial  2: STER=0.0000  δ_mean=0.0184  δ_P99=0.0244  Acc=0.0140  violations=0
  Trial  3: STER=0.0000  δ_mean=0.0183  δ_P99=0.0233  Acc=0.0120  violations=0
  Trial  4: STER=0.0000  δ_mean=0.0181  δ_P99=0.0238  Acc=0.0200  violations=0
  Trial  5: STER=0.0000  δ_mean=0.0180  δ_P99=0.0233  Acc=0.0160  violations=0
  Trial  6: STER=0.0000  δ_mean=0.0181  δ_P99=0.0233  Acc=0.0080  violations=0
  Trial  7: STER=0.0000  δ_mean=0.0180  δ_P99=0.0227  Acc=0.0120  violations=0
  Trial  8: STER=0.0000  δ_mean=0.0181  δ_P99=0.0227  Acc=0.0100  violations=0
  Trial  9: STER=0.0000  δ_mean=0.0181  δ_P99=0.0238  Acc=0.0160  violations=0
  Trial 10: STER=0.0000  δ_mean=0.0181  δ_P99=0.0233  Acc=0.0160  violations=0

============================================================
Load level: 50% (3 stress-ng workers)
============================================================
  Trial  1: STER=0.0000  δ_mean=0.0179  δ_P99=0.0227  Acc=0.0280  violations=0
  Trial  2: STER=0.0000  δ_mean=0.0181  δ_P99=0.0238  Acc=0.0260  violations=0
  Trial  3: STER=0.0000  δ_mean=0.0179  δ_P99=0.0227  Acc=0.0180  violations=0
  Trial  4: STER=0.0000  δ_mean=0.0181  δ_P99=0.0238  Acc=0.0100  violations=0
  Trial  5: STER=0.0000  δ_mean=0.0178  δ_P99=0.0238  Acc=0.0100  violations=0
  Trial  6: STER=0.0000  δ_mean=0.0179  δ_P99=0.0233  Acc=0.0180  violations=0
  Trial  7: STER=0.0000  δ_mean=0.0179  δ_P99=0.0233  Acc=0.0120  violations=0
  Trial  8: STER=0.0000  δ_mean=0.0180  δ_P99=0.0233  Acc=0.0160  violations=0
  Trial  9: STER=0.0000  δ_mean=0.0181  δ_P99=0.0238  Acc=0.0180  violations=0
  Trial 10: STER=0.0000  δ_mean=0.0180  δ_P99=0.0244  Acc=0.0140  violations=0

============================================================
Load level: 75% (5 stress-ng workers)
============================================================
  Trial  1: STER=0.0000  δ_mean=0.0181  δ_P99=0.0233  Acc=0.0060  violations=0
  Trial  2: STER=0.0000  δ_mean=0.0180  δ_P99=0.0227  Acc=0.0240  violations=0
  Trial  3: STER=0.0000  δ_mean=0.0183  δ_P99=0.0244  Acc=0.0100  violations=0
  Trial  4: STER=0.0000  δ_mean=0.0181  δ_P99=0.0227  Acc=0.0180  violations=0
  Trial  5: STER=0.0000  δ_mean=0.0182  δ_P99=0.0244  Acc=0.0180  violations=0
  Trial  6: STER=0.0000  δ_mean=0.0180  δ_P99=0.0238  Acc=0.0200  violations=0
  Trial  7: STER=0.0000  δ_mean=0.0181  δ_P99=0.0233  Acc=0.0180  violations=0
  Trial  8: STER=0.0000  δ_mean=0.0178  δ_P99=0.0233  Acc=0.0140  violations=0
  Trial  9: STER=0.0000  δ_mean=0.0181  δ_P99=0.0238  Acc=0.0200  violations=0
  Trial 10: STER=0.0000  δ_mean=0.0183  δ_P99=0.0244  Acc=0.0060  violations=0

============================================================
Load level: 100% (6 stress-ng workers)
============================================================
  Trial  1: STER=0.0000  δ_mean=0.0182  δ_P99=0.0233  Acc=0.0060  violations=0
  Trial  2: STER=0.0000  δ_mean=0.0181  δ_P99=0.0244  Acc=0.0160  violations=0
  Trial  3: STER=0.0000  δ_mean=0.0179  δ_P99=0.0244  Acc=0.0100  violations=0
  Trial  4: STER=0.0000  δ_mean=0.0179  δ_P99=0.0222  Acc=0.0140  violations=0
  Trial  5: STER=0.0000  δ_mean=0.0184  δ_P99=0.0233  Acc=0.0140  violations=0
  Trial  6: STER=0.0000  δ_mean=0.0181  δ_P99=0.0238  Acc=0.0160  violations=0
  Trial  7: STER=0.0000  δ_mean=0.0180  δ_P99=0.0238  Acc=0.0200  violations=0
  Trial  8: STER=0.0000  δ_mean=0.0182  δ_P99=0.0250  Acc=0.0180  violations=0
  Trial  9: STER=0.0000  δ_mean=0.0182  δ_P99=0.0238  Acc=0.0100  violations=0
  Trial 10: STER=0.0000  δ_mean=0.0180  δ_P99=0.0238  Acc=0.0160  violations=0

Done. Results saved to results/e1_jetson.csv
